<?xml version="1.0" encoding="UTF-8"?>
<!-- Generated by org.testng.reporters.JUnitXMLReporter -->
<testsuite ignored="0" hostname="sahoo-HP-Laptop-15q-ds0xxx" failures="0" tests="8" name="test1" time="0.1" errors="0" timestamp="2022-01-26T17:40:37 IST">
  <testcase classname="groupTesting.TestGroupDependency" name="test1" time="0.012"/>
  <testcase classname="groupTesting.TestGroupDependency" name="test2" time="0.002"/>
  <testcase classname="groupTesting.TestGroupDependency" name="test3" time="0.002"/>
  <testcase classname="groupTesting.TestGroupDependency" name="test6" time="0.002"/>
  <testcase classname="groupTesting.TestGroupDependency" name="test7" time="0.002"/>
  <testcase classname="groupTesting.TestGroupDependency" name="test5" time="0.002"/>
  <testcase classname="groupTesting.TestGroupDependency" name="test8" time="0.002"/>
  <testcase classname="groupTesting.TestGroupDependency" name="test0" time="0.002"/>
</testsuite> <!-- test1 -->
