<?xml version="1.0" encoding="UTF-8"?>
<!-- Generated by org.testng.reporters.JUnitXMLReporter -->
<testsuite ignored="1" hostname="sahoo-HP-Laptop-15q-ds0xxx" failures="0" tests="3" name="test12" time="0.015" errors="0" timestamp="2022-01-23T17:32:07 IST">
  <testcase classname="groupTesting.NewTest2" name="test5" time="0.002"/>
  <testcase classname="groupTesting.NewTest2" name="test6" time="0.001"/>
  <testcase classname="groupTesting.NewTest2" name="test7" time="0.002"/>
  <testcase classname="groupTesting.NewTest2" name="test8" time="0.0">
    <ignored/>
  </testcase> <!-- test8 -->
</testsuite> <!-- test12 -->
