<?xml version="1.0" encoding="UTF-8"?>
<!-- Generated by org.testng.reporters.JUnitXMLReporter -->
<testsuite ignored="0" hostname="sahoo-HP-Laptop-15q-ds0xxx" failures="0" tests="6" name="test1" time="0.077" errors="0" timestamp="2022-01-20T23:11:37 IST">
  <testcase classname="testNgBasics.FlightBooking" name="bookingTheFlight" time="0.008"/>
  <testcase classname="testNgBasics.FlightBooking" name="logIn" time="0.002"/>
  <testcase classname="testNgBasics.FlightBooking" name="logOut" time="0.001"/>
  <testcase classname="testNgBasics.FlightBooking" name="saveTheTicket" time="0.002"/>
  <testcase classname="testNgBasics.FlightBooking" name="searchForFlight" time="0.001"/>
  <testcase classname="testNgBasics.FlightBooking" name="signUp" time="0.002"/>
</testsuite> <!-- test1 -->
