<?xml version="1.0" encoding="UTF-8"?>
<testng-results ignored="0" total="1" passed="1" failed="0" skipped="0">
  <reporter-output>
  </reporter-output>
  <suite started-at="2022-02-08T15:59:26 IST" name="Default suite" finished-at="2022-02-08T15:59:44 IST" duration-ms="18351">
    <groups>
    </groups>
    <test started-at="2022-02-08T15:59:26 IST" name="Default test" finished-at="2022-02-08T15:59:44 IST" duration-ms="18351">
      <class name="testTingBaba_script.CheckBox_demo">
        <test-method signature="checkBoxTest()[pri:0, instance:testTingBaba_script.CheckBox_demo@56de5251]" started-at="2022-02-08T15:59:26 IST" name="checkBoxTest" finished-at="2022-02-08T15:59:44 IST" duration-ms="18298" status="PASS">
          <reporter-output>
          </reporter-output>
        </test-method> <!-- checkBoxTest -->
      </class> <!-- testTingBaba_script.CheckBox_demo -->
    </test> <!-- Default test -->
  </suite> <!-- Default suite -->
</testng-results>
