<?xml version="1.0" encoding="UTF-8"?>
<!-- Generated by org.testng.reporters.JUnitXMLReporter -->
<testsuite ignored="1" hostname="sahoo-HP-Laptop-15q-ds0xxx" failures="0" tests="1" name="google test" time="10.032" errors="0" timestamp="2022-01-15T22:59:40 IST">
  <testcase classname="testNgBasics.TestClass" name="testGoogle" time="10.029"/>
  <testcase classname="testNgBasics.TestClass" name="testFacebook" time="0.0">
    <ignored/>
  </testcase> <!-- testFacebook -->
</testsuite> <!-- google test -->
