<?xml version="1.0" encoding="UTF-8"?>
<!-- Generated by org.testng.reporters.JUnitXMLReporter -->
<testsuite ignored="1" hostname="sahoo-HP-Laptop-15q-ds0xxx" failures="0" tests="4" name="OrangeHrmTestMyInfo" time="38.634" errors="0" timestamp="2022-01-20T22:43:46 IST">
  <testcase classname="testNgBasics.OrangeHrmTest" name="launchApp" time="11.027"/>
  <testcase classname="testNgBasics.OrangeHrmTest" name="orangeHrmLogin" time="8.013"/>
  <testcase classname="testNgBasics.OrangeHrmTest" name="navigateToMyINfo" time="2.248"/>
  <testcase classname="testNgBasics.OrangeHrmTest" name="verifyMyINfo" time="1.068"/>
  <testcase classname="testNgBasics.OrangeHrmTest" name="verifyLogin" time="0.0">
    <ignored/>
  </testcase> <!-- verifyLogin -->
</testsuite> <!-- OrangeHrmTestMyInfo -->
