<?xml version="1.0" encoding="UTF-8"?>
<!-- Generated by org.testng.reporters.JUnitXMLReporter -->
<testsuite ignored="5" hostname="sahoo-HP-Laptop-15q-ds0xxx" failures="0" tests="0" time="8.398" errors="0" timestamp="2022-01-23T15:34:53 IST">
  <testcase classname="testNgBasics.OrangeHrmTest" name="verifyMyINfo" time="0.0">
    <ignored/>
  </testcase> <!-- verifyMyINfo -->
  <testcase classname="testNgBasics.OrangeHrmTest" name="launchApp" time="0.0">
    <ignored/>
  </testcase> <!-- launchApp -->
  <testcase classname="testNgBasics.OrangeHrmTest" name="navigateToMyINfo" time="0.0">
    <ignored/>
  </testcase> <!-- navigateToMyINfo -->
  <testcase classname="testNgBasics.OrangeHrmTest" name="verifyLogin" time="0.0">
    <ignored/>
  </testcase> <!-- verifyLogin -->
  <testcase classname="testNgBasics.OrangeHrmTest" name="orangeHrmLogin" time="0.0">
    <ignored/>
  </testcase> <!-- orangeHrmLogin -->
</testsuite>
