<?xml version="1.0" encoding="UTF-8"?>
<!-- Generated by org.testng.reporters.JUnitXMLReporter -->
<testsuite ignored="0" hostname="sahoo-HP-Laptop-15q-ds0xxx" failures="0" tests="3" name="orangeHrmLogin" time="20.151" errors="0" timestamp="2022-01-09T22:50:24 IST">
  <testcase classname="baseLibrary.OrangeHrmTest" name="launchApp" time="11.13"/>
  <testcase classname="baseLibrary.OrangeHrmTest" name="orangeHrmLogin" time="6.86"/>
  <testcase classname="baseLibrary.OrangeHrmTest" name="myINfo" time="2.099"/>
</testsuite> <!-- orangeHrmLogin -->
