<?xml version="1.0" encoding="UTF-8"?>
<!-- Generated by org.testng.reporters.JUnitXMLReporter -->
<testsuite ignored="1" hostname="sahoo-HP-Laptop-15q-ds0xxx" failures="0" tests="1" name="testGoogle" time="12.202" errors="0" timestamp="2022-01-09T22:50:36 IST">
  <testcase classname="baseLibrary.TestClass" name="testGoogle" time="12.194"/>
  <testcase classname="baseLibrary.TestClass" name="testFacebook" time="0.0">
    <ignored/>
  </testcase> <!-- testFacebook -->
</testsuite> <!-- testGoogle -->
